<?xml version="1.0" encoding="UTF-8"?>
<testng-results skipped="0" failed="0" ignored="0" total="1" passed="1">
  <reporter-output>
  </reporter-output>
  <suite name="My Suite" duration-ms="258567" started-at="2019-11-12T11:18:08Z" finished-at="2019-11-12T11:22:27Z">
    <groups>
    </groups>
    <test name="Test" duration-ms="258567" started-at="2019-11-12T11:18:08Z" finished-at="2019-11-12T11:22:27Z">
      <class name="newappAutomation.ProductSearchTestNG">
        <test-method status="PASS" signature="priceComparison(controller.TestDataFactory)[pri:0, instance:newappAutomation.ProductSearchTestNG@7714e963]" name="priceComparison" duration-ms="258069" started-at="2019-11-12T11:18:08Z" data-provider="TestData" finished-at="2019-11-12T11:22:27Z">
          <params>
            <param index="0">
              <value>
                <![CDATA[controller.TestDataFactory@2fc4147]]>
              </value>
            </param>
          </params>
          <reporter-output>
          </reporter-output>
        </test-method> <!-- priceComparison -->
      </class> <!-- newappAutomation.ProductSearchTestNG -->
    </test> <!-- Test -->
  </suite> <!-- My Suite -->
</testng-results>
